[debug] [2020-08-28T05:51:48.088Z] ----------------------------------------------------------------------
[debug] [2020-08-28T05:51:48.091Z] Command:       /usr/local/bin/node /usr/local/bin/firebase login
[debug] [2020-08-28T05:51:48.091Z] CLI Version:   8.9.2
[debug] [2020-08-28T05:51:48.091Z] Platform:      linux
[debug] [2020-08-28T05:51:48.091Z] Node Version:  v12.16.1
[debug] [2020-08-28T05:51:48.092Z] Time:          Fri Aug 28 2020 12:51:48 GMT+0700 (Western Indonesia Time)
[debug] [2020-08-28T05:51:48.092Z] ----------------------------------------------------------------------
[debug] [2020-08-28T05:51:48.092Z] 
[info] i  Firebase optionally collects CLI usage and error reporting information to help improve our products. Data is collected in accordance with Google's privacy policy (https://policies.google.com/privacy) and is not used to identify you.
 
[info] 
[info] Visit this URL on this device to log in:
[info] https://accounts.google.com/o/oauth2/auth?client_id=563584335869-fgrhgmd47bqnekij5i8b5pr03ho849e6.apps.googleusercontent.com&scope=email%20openid%20https%3A%2F%2Fwww.googleapis.com%2Fauth%2Fcloudplatformprojects.readonly%20https%3A%2F%2Fwww.googleapis.com%2Fauth%2Ffirebase%20https%3A%2F%2Fwww.googleapis.com%2Fauth%2Fcloud-platform&response_type=code&state=335032381&redirect_uri=http%3A%2F%2Flocalhost%3A9005
[info] 
[info] Waiting for authentication...
[debug] [2020-08-28T05:52:22.095Z] ----------------------------------------------------------------------
[debug] [2020-08-28T05:52:22.097Z] Command:       /usr/local/bin/node /usr/local/bin/firebase login
[debug] [2020-08-28T05:52:22.097Z] CLI Version:   8.9.2
[debug] [2020-08-28T05:52:22.097Z] Platform:      linux
[debug] [2020-08-28T05:52:22.098Z] Node Version:  v12.16.1
[debug] [2020-08-28T05:52:22.098Z] Time:          Fri Aug 28 2020 12:52:22 GMT+0700 (Western Indonesia Time)
[debug] [2020-08-28T05:52:22.098Z] ----------------------------------------------------------------------
[debug] [2020-08-28T05:52:22.098Z] 
[info] i  Firebase optionally collects CLI usage and error reporting information to help improve our products. Data is collected in accordance with Google's privacy policy (https://policies.google.com/privacy) and is not used to identify you.
 
[info] 
[info] Visit this URL on this device to log in:
[info] https://accounts.google.com/o/oauth2/auth?client_id=563584335869-fgrhgmd47bqnekij5i8b5pr03ho849e6.apps.googleusercontent.com&scope=email%20openid%20https%3A%2F%2Fwww.googleapis.com%2Fauth%2Fcloudplatformprojects.readonly%20https%3A%2F%2Fwww.googleapis.com%2Fauth%2Ffirebase%20https%3A%2F%2Fwww.googleapis.com%2Fauth%2Fcloud-platform&response_type=code&state=239510661&redirect_uri=http%3A%2F%2Flocalhost%3A9005
[info] 
[info] Waiting for authentication...
